# JRE version: OpenJDK Runtime Environment (8.0_152-b01) (build 1.8.0_152-release-1024-b01)
# Java VM: OpenJDK 64-Bit Server VM (25.152-b01 mixed mode bsd-amd64 compressed oops)
Heap:
 PSYoungGen      total 452608K, used 173414K [0x00000007a0000000, 0x00000007bf700000, 0x00000007c0000000)
  eden space 387584K, 40% used [0x00000007a0000000,0x00000007a98f6918,0x00000007b7a80000)
  from space 65024K, 25% used [0x00000007bb780000,0x00000007bc7e32b8,0x00000007bf700000)
  to   space 62464K, 0% used [0x00000007b7a80000,0x00000007b7a80000,0x00000007bb780000)
 ParOldGen       total 363520K, used 126015K [0x0000000760000000, 0x0000000776300000, 0x00000007a0000000)
  object space 363520K, 34% used [0x0000000760000000,0x0000000767b0fcc8,0x0000000776300000)
 Metaspace       used 131231K, capacity 141967K, committed 142156K, reserved 1173504K
  class space    used 16617K, capacity 18556K, committed 18560K, reserved 1048576K
GC Heap History (10 events):
Event: 5028.301 GC heap before
{Heap before GC invocations=52 (full 4):
 PSYoungGen      total 435200K, used 355440K [0x00000007a0000000, 0x00000007bfb00000, 0x00000007c0000000)
  eden space 351744K, 100% used [0x00000007a0000000,0x00000007b5780000,0x00000007b5780000)
  from space 83456K, 4% used [0x00000007b5780000,0x00000007b5b1c030,0x00000007ba900000)
  to   space 81920K, 0% used [0x00000007bab00000,0x00000007bab00000,0x00000007bfb00000)
 ParOldGen       total 363520K, used 123973K [0x0000000760000000, 0x0000000776300000, 0x00000007a0000000)
  object space 363520K, 34% used [0x0000000760000000,0x00000007679117b8,0x0000000776300000)
 Metaspace       used 130806K, capacity 141579K, committed 141644K, reserved 1173504K
  class space    used 16566K, capacity 18518K, committed 18560K, reserved 1048576K
Event: 5028.325 GC heap after
Heap after GC invocations=52 (full 4):
 PSYoungGen      total 437760K, used 11920K [0x00000007a0000000, 0x00000007bf880000, 0x00000007c0000000)
  eden space 358400K, 0% used [0x00000007a0000000,0x00000007a0000000,0x00000007b5e00000)
  from space 79360K, 15% used [0x00000007bab00000,0x00000007bb6a4050,0x00000007bf880000)
  to   space 78848K, 0% used [0x00000007b5e00000,0x00000007b5e00000,0x00000007bab00000)
 ParOldGen       total 363520K, used 123981K [0x0000000760000000, 0x0000000776300000, 0x00000007a0000000)
  object space 363520K, 34% used [0x0000000760000000,0x00000007679137b8,0x0000000776300000)
 Metaspace       used 130806K, capacity 141579K, committed 141644K, reserved 1173504K
  class space    used 16566K, capacity 18518K, committed 18560K, reserved 1048576K
}
Event: 5031.326 GC heap before
{Heap before GC invocations=53 (full 4):
 PSYoungGen      total 437760K, used 370320K [0x00000007a0000000, 0x00000007bf880000, 0x00000007c0000000)
  eden space 358400K, 100% used [0x00000007a0000000,0x00000007b5e00000,0x00000007b5e00000)
  from space 79360K, 15% used [0x00000007bab00000,0x00000007bb6a4050,0x00000007bf880000)
  to   space 78848K, 0% used [0x00000007b5e00000,0x00000007b5e00000,0x00000007bab00000)
 ParOldGen       total 363520K, used 123981K [0x0000000760000000, 0x0000000776300000, 0x00000007a0000000)
  object space 363520K, 34% used [0x0000000760000000,0x00000007679137b8,0x0000000776300000)
 Metaspace       used 131016K, capacity 141833K, committed 141900K, reserved 1173504K
  class space    used 16602K, capacity 18555K, committed 18560K, reserved 1048576K
Event: 5031.378 GC heap after
Heap after GC invocations=53 (full 4):
 PSYoungGen      total 437248K, used 23133K [0x00000007a0000000, 0x00000007bf580000, 0x00000007c0000000)
  eden space 358400K, 0% used [0x00000007a0000000,0x00000007a0000000,0x00000007b5e00000)
  from space 78848K, 29% used [0x00000007b5e00000,0x00000007b7497450,0x00000007bab00000)
  to   space 73728K, 0% used [0x00000007bad80000,0x00000007bad80000,0x00000007bf580000)
 ParOldGen       total 363520K, used 123989K [0x0000000760000000, 0x0000000776300000, 0x00000007a0000000)
  object space 363520K, 34% used [0x0000000760000000,0x00000007679157b8,0x0000000776300000)
 Metaspace       used 131016K, capacity 141833K, committed 141900K, reserved 1173504K
  class space    used 16602K, capacity 18555K, committed 18560K, reserved 1048576K
}
Event: 5032.372 GC heap before
{Heap before GC invocations=54 (full 4):
 PSYoungGen      total 437248K, used 381533K [0x00000007a0000000, 0x00000007bf580000, 0x00000007c0000000)
  eden space 358400K, 100% used [0x00000007a0000000,0x00000007b5e00000,0x00000007b5e00000)
  from space 78848K, 29% used [0x00000007b5e00000,0x00000007b7497450,0x00000007bab00000)
  to   space 73728K, 0% used [0x00000007bad80000,0x00000007bad80000,0x00000007bf580000)
 ParOldGen       total 363520K, used 123989K [0x0000000760000000, 0x0000000776300000, 0x00000007a0000000)
  object space 363520K, 34% used [0x0000000760000000,0x00000007679157b8,0x0000000776300000)
 Metaspace       used 131128K, capacity 141897K, committed 142156K, reserved 1173504K
  class space    used 16616K, capacity 18555K, committed 18560K, reserved 1048576K
Event: 5032.404 GC heap after
Heap after GC invocations=54 (full 4):
 PSYoungGen      total 440832K, used 22106K [0x00000007a0000000, 0x00000007bf200000, 0x00000007c0000000)
  eden space 370688K, 0% used [0x00000007a0000000,0x00000007a0000000,0x00000007b6a00000)
  from space 70144K, 31% used [0x00000007bad80000,0x00000007bc316800,0x00000007bf200000)
  to   space 69120K, 0% used [0x00000007b6a00000,0x00000007b6a00000,0x00000007bad80000)
 ParOldGen       total 363520K, used 123997K [0x0000000760000000, 0x0000000776300000, 0x00000007a0000000)
  object space 363520K, 34% used [0x0000000760000000,0x00000007679177b8,0x0000000776300000)
 Metaspace       used 131128K, capacity 141897K, committed 142156K, reserved 1173504K
  class space    used 16616K, capacity 18555K, committed 18560K, reserved 1048576K
}
Event: 5033.387 GC heap before
{Heap before GC invocations=55 (full 4):
 PSYoungGen      total 440832K, used 392794K [0x00000007a0000000, 0x00000007bf200000, 0x00000007c0000000)
  eden space 370688K, 100% used [0x00000007a0000000,0x00000007b6a00000,0x00000007b6a00000)
  from space 70144K, 31% used [0x00000007bad80000,0x00000007bc316800,0x00000007bf200000)
  to   space 69120K, 0% used [0x00000007b6a00000,0x00000007b6a00000,0x00000007bad80000)
 ParOldGen       total 363520K, used 123997K [0x0000000760000000, 0x0000000776300000, 0x00000007a0000000)
  object space 363520K, 34% used [0x0000000760000000,0x00000007679177b8,0x0000000776300000)
 Metaspace       used 131168K, capacity 141961K, committed 142156K, reserved 1173504K
  class space    used 16616K, capacity 18555K, committed 18560K, reserved 1048576K
Event: 5033.416 GC heap after
Heap after GC invocations=55 (full 4):
 PSYoungGen      total 439808K, used 21268K [0x00000007a0000000, 0x00000007bf700000, 0x00000007c0000000)
  eden space 370688K, 0% used [0x00000007a0000000,0x00000007a0000000,0x00000007b6a00000)
  from space 69120K, 30% used [0x00000007b6a00000,0x00000007b7ec52e8,0x00000007bad80000)
  to   space 65024K, 0% used [0x00000007bb780000,0x00000007bb780000,0x00000007bf700000)
 ParOldGen       total 363520K, used 124539K [0x0000000760000000, 0x0000000776300000, 0x00000007a0000000)
  object space 363520K, 34% used [0x0000000760000000,0x000000076799ec98,0x0000000776300000)
 Metaspace       used 131168K, capacity 141961K, committed 142156K, reserved 1173504K
  class space    used 16616K, capacity 18555K, committed 18560K, reserved 1048576K
}
Event: 5034.400 GC heap before
{Heap before GC invocations=56 (full 4):
 PSYoungGen      total 439808K, used 391882K [0x00000007a0000000, 0x00000007bf700000, 0x00000007c0000000)
  eden space 370688K, 99% used [0x00000007a0000000,0x00000007b69ed768,0x00000007b6a00000)
  from space 69120K, 30% used [0x00000007b6a00000,0x00000007b7ec52e8,0x00000007bad80000)
  to   space 65024K, 0% used [0x00000007bb780000,0x00000007bb780000,0x00000007bf700000)
 ParOldGen       total 363520K, used 124539K [0x0000000760000000, 0x0000000776300000, 0x00000007a0000000)
  object space 363520K, 34% used [0x0000000760000000,0x000000076799ec98,0x0000000776300000)
 Metaspace       used 131203K, capacity 141961K, committed 142156K, reserved 1173504K
  class space    used 16617K, capacity 18555K, committed 18560K, reserved 1048576K
Event: 5034.426 GC heap after
Heap after GC invocations=56 (full 4):
 PSYoungGen      total 452608K, used 16780K [0x00000007a0000000, 0x00000007bf700000, 0x00000007c0000000)
  eden space 387584K, 0% used [0x00000007a0000000,0x00000007a0000000,0x00000007b7a80000)
  from space 65024K, 25% used [0x00000007bb780000,0x00000007bc7e32b8,0x00000007bf700000)
  to   space 62464K, 0% used [0x00000007b7a80000,0x00000007b7a80000,0x00000007bb780000)
 ParOldGen       total 363520K, used 126015K [0x0000000760000000, 0x0000000776300000, 0x00000007a0000000)
  object space 363520K, 34% used [0x0000000760000000,0x0000000767b0fcc8,0x0000000776300000)
 Metaspace       used 131203K, capacity 141961K, committed 142156K, reserved 1173504K
  class space    used 16617K, capacity 18555K, committed 18560K, reserved 1048576K
}

